<?xml version="1.0" encoding="UTF-8"?>
<!-- Generated by org.testng.reporters.JUnitReportReporter -->
<testsuite hostname="DESKTOP-G9DF0PR" failures="0" tests="1" name="com.vtiger.ProductSTest.ProductTest" time="13.542" errors="0" timestamp="2022-05-24T15:24:25 IST" skipped="0">
  <testcase classname="com.vtiger.ProductSTest.ProductTest" name="createProduct" time="13.542"/>
  <system-out/>
</testsuite> <!-- com.vtiger.ProductSTest.ProductTest -->
