<?xml version="1.0" encoding="UTF-8"?>
<!-- Generated by org.testng.reporters.JUnitReportReporter -->
<testsuite hostname="DESKTOP-G9DF0PR" failures="0" tests="1" name="com.vtiger.DocumentsSTest.CreateDocument222Test" time="9.699" errors="0" timestamp="2022-05-18T18:06:59 IST" skipped="0">
  <testcase classname="com.vtiger.DocumentsSTest.CreateDocument222Test" name="createDocTest" time="9.699"/>
  <system-out/>
</testsuite> <!-- com.vtiger.DocumentsSTest.CreateDocument222Test -->
