<?xml version="1.0" encoding="UTF-8"?>
<!-- Generated by org.testng.reporters.JUnitReportReporter -->
<testsuite hostname="DESKTOP-G9DF0PR" failures="0" tests="3" name="com.vtiger.practice.ParacticeTast" time="0.029" errors="0" timestamp="2022-05-16T17:36:20 IST" skipped="0">
  <testcase classname="com.vtiger.practice.ParacticeTast" name="practice2Test" time="0.004"/>
  <system-out>
    <![CDATA[hell02222Test2]]>
  </system-out>
  <testcase classname="com.vtiger.practice.ParacticeTast" name="practice1Test" time="0.021"/>
  <system-out>
    <![CDATA[helloooooTest1]]>
  </system-out>
  <testcase classname="com.vtiger.practice.ParacticeTast" name="practice3Test" time="0.004"/>
  <system-out>
    <![CDATA[hellooooo333Test3]]>
  </system-out>
</testsuite> <!-- com.vtiger.practice.ParacticeTast -->
