<?xml version="1.0" encoding="UTF-8"?>
<!-- Generated by org.testng.reporters.JUnitReportReporter -->
<testsuite hostname="DESKTOP-G9DF0PR" failures="0" tests="4" name="com.vtiger.practice.TestNgPractice33Test" time="0.015" errors="0" timestamp="2022-05-20T10:25:55 IST" skipped="0">
  <testcase classname="com.vtiger.practice.TestNgPractice33Test" name="practie4Test" time="0.002"/>
  <system-out>
    <![CDATA[dany]]>
  </system-out>
  <testcase classname="com.vtiger.practice.TestNgPractice33Test" name="practie1Test" time="0.010"/>
  <system-out>
    <![CDATA[bhushana]]>
  </system-out>
  <testcase classname="com.vtiger.practice.TestNgPractice33Test" name="practie3Test" time="0.002"/>
  <system-out>
    <![CDATA[sindhu]]>
  </system-out>
  <testcase classname="com.vtiger.practice.TestNgPractice33Test" name="practie5Test" time="0.001"/>
  <system-out>
    <![CDATA[nayana]]>
  </system-out>
</testsuite> <!-- com.vtiger.practice.TestNgPractice33Test -->
