<?xml version="1.0" encoding="UTF-8"?>
<!-- Generated by org.testng.reporters.JUnitReportReporter -->
<testsuite hostname="DESKTOP-G9DF0PR" failures="0" tests="2" name="com.vtiger.organizationSTest.CreateOrganizationTest" time="24.685" errors="0" timestamp="2022-05-20T17:45:01 IST" skipped="0">
  <testcase classname="com.vtiger.organizationSTest.CreateOrganizationTest" name="createOrgExcel" time="14.910"/>
  <system-out/>
  <testcase classname="com.vtiger.organizationSTest.CreateOrganizationTest" name="createOrgExcel" time="9.775"/>
  <system-out/>
</testsuite> <!-- com.vtiger.organizationSTest.CreateOrganizationTest -->
