<?xml version="1.0" encoding="UTF-8"?>
<!-- Generated by org.testng.reporters.JUnitReportReporter -->
<testsuite hostname="DESKTOP-G9DF0PR" failures="0" tests="1" name="com.vtiger.contactsSTest.CreateContactTest" time="31.226" errors="0" timestamp="2022-05-26T17:56:41 IST" skipped="0">
  <testcase classname="com.vtiger.contactsSTest.CreateContactTest" name="createContactExceTest" time="31.226"/>
  <system-out/>
</testsuite> <!-- com.vtiger.contactsSTest.CreateContactTest -->
