<?xml version="1.0" encoding="UTF-8"?>
<!-- Generated by org.testng.reporters.JUnitReportReporter -->
<testsuite hostname="DESKTOP-G9DF0PR" failures="0" tests="1" name="com.vtiger.contactsSTest.CreateContact222Test" time="24.714" errors="0" timestamp="2022-05-18T17:56:23 IST" skipped="0">
  <testcase classname="com.vtiger.contactsSTest.CreateContact222Test" name="createContactExceTest" time="24.714"/>
  <system-out/>
</testsuite> <!-- com.vtiger.contactsSTest.CreateContact222Test -->
