<?xml version="1.0" encoding="UTF-8"?>
<!-- Generated by org.testng.reporters.JUnitReportReporter -->
<testsuite skipped="0" hostname="DESKTOP-G9DF0PR" name="com.vtiger.ProductSTest.ProductTest" tests="1" failures="0" timestamp="26 May 2022 11:44:59 GMT" time="13.375" errors="0">
  <testcase name="createProduct" time="13.375" classname="com.vtiger.ProductSTest.ProductTest"/>
</testsuite> <!-- com.vtiger.ProductSTest.ProductTest -->
