<?xml version="1.0" encoding="UTF-8"?>
<!-- Generated by org.testng.reporters.JUnitReportReporter -->
<testsuite skipped="0" hostname="DESKTOP-G9DF0PR" name="com.vtiger.contactsSTest.CreateContactTest" tests="1" failures="0" timestamp="26 May 2022 11:44:59 GMT" time="13.987" errors="0">
  <testcase name="createContactExceTest" time="13.987" classname="com.vtiger.contactsSTest.CreateContactTest"/>
</testsuite> <!-- com.vtiger.contactsSTest.CreateContactTest -->
