<?xml version="1.0" encoding="UTF-8"?>
<!-- Generated by org.testng.reporters.JUnitReportReporter -->
<testsuite skipped="0" hostname="DESKTOP-G9DF0PR" name="com.vtiger.organizationSTest.CreateOrganizationTest" tests="1" failures="0" timestamp="26 May 2022 11:44:59 GMT" time="10.705" errors="0">
  <testcase name="createOrgExcel" time="10.705" classname="com.vtiger.organizationSTest.CreateOrganizationTest"/>
</testsuite> <!-- com.vtiger.organizationSTest.CreateOrganizationTest -->
