<?xml version="1.0" encoding="UTF-8"?>
<!-- Generated by org.testng.reporters.JUnitReportReporter -->
<testsuite skipped="0" hostname="DESKTOP-G9DF0PR" name="com.vtiger.CampaigNamesSTest.CreateCompaignTest" tests="1" failures="0" timestamp="26 May 2022 11:44:59 GMT" time="9.768" errors="0">
  <testcase name="creCampaignTest" time="9.768" classname="com.vtiger.CampaigNamesSTest.CreateCompaignTest"/>
</testsuite> <!-- com.vtiger.CampaigNamesSTest.CreateCompaignTest -->
